{
  "RSpec": {
    "coverage": {
      "/Users/RuthE/MakersAcademy/friday_challenges/RockPaperScissors/lib/game.rb": [
        1,
        null,
        1,
        10,
        10,
        null,
        null,
        1,
        10,
        10,
        null,
        null,
        1,
        9,
        9,
        null,
        null,
        null,
        null,
        null,
        null,
        1,
        null,
        1,
        null,
        1,
        13,
        6,
        null,
        null,
        1,
        5,
        null,
        null,
        1,
        26,
        null,
        null,
        1,
        5,
        null,
        null,
        1,
        3,
        2,
        null,
        null,
        null,
        null,
        null,
        null,
        null,
        null,
        null,
        null,
        null,
        null,
        null,
        null,
        null,
        null,
        null,
        null,
        null
      ],
      "/Users/RuthE/MakersAcademy/friday_challenges/RockPaperScissors/lib/player.rb": [
        1,
        1,
        2,
        null,
        null,
        1,
        1,
        null,
        1,
        1,
        null,
        null,
        null
      ]
    },
    "timestamp": 1414968721
  }
}
